This is pdfTeX, Version 3.1415926-2.5-1.40.14 (TeX Live 2013) (format=pdflatex 2013.11.22)  2 DEC 2014 16:05
entering extended mode
 restricted \write18 enabled.
 file:line:error style messages enabled.
 %&-line parsing enabled.
**bare_conf.tex
(./bare_conf.tex
LaTeX2e <2011/06/27>
Babel <3.9f> and hyphenation patterns for 78 languages loaded.
(./IEEEtran.cls
Document Class: IEEEtran 2012/11/21 V1.8c by Harald Hanche-Olsen and Anders Chr
istensen
-- Based on V1.7a by Michael Shell
-- See the "IEEEtran_HOWTO" manual for usage information.
-- http://www.michaelshell.org/tex/ieeetran/
\@IEEEtrantmpdimenA=\dimen102
\@IEEEtrantmpdimenB=\dimen103
\@IEEEtrantmpcountA=\count79
\@IEEEtrantmpcountB=\count80
\@IEEEtrantmptoksA=\toks14
LaTeX Font Info:    Try loading font information for OT1+ptm on input line 373.

(/usr/local/texlive/2013/texmf-dist/tex/latex/psnfss/ot1ptm.fd
File: ot1ptm.fd 2001/06/04 font definitions for OT1/ptm.
)
-- Using 8.5in x 11in (letter) paper.
-- Using PDF output.
\@IEEEnormalsizeunitybaselineskip=\dimen104
-- This is a 10 point document.
\CLASSINFOnormalsizebaselineskip=\dimen105
\CLASSINFOnormalsizeunitybaselineskip=\dimen106
\IEEEnormaljot=\dimen107
LaTeX Font Info:    Font shape `OT1/ptm/bx/n' in size <5> not available
(Font)              Font shape `OT1/ptm/b/n' tried instead on input line 731.
LaTeX Font Info:    Font shape `OT1/ptm/bx/it' in size <5> not available
(Font)              Font shape `OT1/ptm/b/it' tried instead on input line 731.
LaTeX Font Info:    Font shape `OT1/ptm/bx/n' in size <7> not available
(Font)              Font shape `OT1/ptm/b/n' tried instead on input line 731.
LaTeX Font Info:    Font shape `OT1/ptm/bx/it' in size <7> not available
(Font)              Font shape `OT1/ptm/b/it' tried instead on input line 731.
LaTeX Font Info:    Font shape `OT1/ptm/bx/n' in size <8> not available
(Font)              Font shape `OT1/ptm/b/n' tried instead on input line 731.
LaTeX Font Info:    Font shape `OT1/ptm/bx/it' in size <8> not available
(Font)              Font shape `OT1/ptm/b/it' tried instead on input line 731.
LaTeX Font Info:    Font shape `OT1/ptm/bx/n' in size <9> not available
(Font)              Font shape `OT1/ptm/b/n' tried instead on input line 731.
LaTeX Font Info:    Font shape `OT1/ptm/bx/it' in size <9> not available
(Font)              Font shape `OT1/ptm/b/it' tried instead on input line 731.
LaTeX Font Info:    Font shape `OT1/ptm/bx/n' in size <10> not available
(Font)              Font shape `OT1/ptm/b/n' tried instead on input line 731.
LaTeX Font Info:    Font shape `OT1/ptm/bx/it' in size <10> not available
(Font)              Font shape `OT1/ptm/b/it' tried instead on input line 731.
LaTeX Font Info:    Font shape `OT1/ptm/bx/n' in size <11> not available
(Font)              Font shape `OT1/ptm/b/n' tried instead on input line 731.
LaTeX Font Info:    Font shape `OT1/ptm/bx/it' in size <11> not available
(Font)              Font shape `OT1/ptm/b/it' tried instead on input line 731.
LaTeX Font Info:    Font shape `OT1/ptm/bx/n' in size <12> not available
(Font)              Font shape `OT1/ptm/b/n' tried instead on input line 731.
LaTeX Font Info:    Font shape `OT1/ptm/bx/it' in size <12> not available
(Font)              Font shape `OT1/ptm/b/it' tried instead on input line 731.
LaTeX Font Info:    Font shape `OT1/ptm/bx/n' in size <17> not available
(Font)              Font shape `OT1/ptm/b/n' tried instead on input line 731.
LaTeX Font Info:    Font shape `OT1/ptm/bx/it' in size <17> not available
(Font)              Font shape `OT1/ptm/b/it' tried instead on input line 731.
LaTeX Font Info:    Font shape `OT1/ptm/bx/n' in size <20> not available
(Font)              Font shape `OT1/ptm/b/n' tried instead on input line 731.
LaTeX Font Info:    Font shape `OT1/ptm/bx/it' in size <20> not available
(Font)              Font shape `OT1/ptm/b/it' tried instead on input line 731.
LaTeX Font Info:    Font shape `OT1/ptm/bx/n' in size <24> not available
(Font)              Font shape `OT1/ptm/b/n' tried instead on input line 731.
LaTeX Font Info:    Font shape `OT1/ptm/bx/it' in size <24> not available
(Font)              Font shape `OT1/ptm/b/it' tried instead on input line 731.
\IEEEilabelindentA=\dimen108
\IEEEilabelindentB=\dimen109
\IEEEilabelindent=\dimen110
\IEEEelabelindent=\dimen111
\IEEEdlabelindent=\dimen112
\IEEElabelindent=\dimen113
\IEEEiednormlabelsep=\dimen114
\IEEEiedmathlabelsep=\dimen115
\IEEEiedtopsep=\skip41
\c@section=\count81
\c@subsection=\count82
\c@subsubsection=\count83
\c@paragraph=\count84
\c@IEEEsubequation=\count85
\abovecaptionskip=\skip42
\belowcaptionskip=\skip43
\c@figure=\count86
\c@table=\count87
\@IEEEeqnnumcols=\count88
\@IEEEeqncolcnt=\count89
\@IEEEtmpitemindent=\dimen116
\c@IEEEbiography=\count90
\@IEEEtranrubishbin=\box26
) (/usr/local/texlive/2013/texmf-dist/tex/latex/graphics/graphicx.sty
Package: graphicx 1999/02/16 v1.0f Enhanced LaTeX Graphics (DPC,SPQR)

(/usr/local/texlive/2013/texmf-dist/tex/latex/graphics/keyval.sty
Package: keyval 1999/03/16 v1.13 key=value parser (DPC)
\KV@toks@=\toks15
)
(/usr/local/texlive/2013/texmf-dist/tex/latex/graphics/graphics.sty
Package: graphics 2009/02/05 v1.0o Standard LaTeX Graphics (DPC,SPQR)

(/usr/local/texlive/2013/texmf-dist/tex/latex/graphics/trig.sty
Package: trig 1999/03/16 v1.09 sin cos tan (DPC)
)
(/usr/local/texlive/2013/texmf-dist/tex/latex/latexconfig/graphics.cfg
File: graphics.cfg 2010/04/23 v1.9 graphics configuration of TeX Live
)
Package graphics Info: Driver file: pdftex.def on input line 91.

(/usr/local/texlive/2013/texmf-dist/tex/latex/pdftex-def/pdftex.def
File: pdftex.def 2011/05/27 v0.06d Graphics/color for pdfTeX

(/usr/local/texlive/2013/texmf-dist/tex/generic/oberdiek/infwarerr.sty
Package: infwarerr 2010/04/08 v1.3 Providing info/warning/error messages (HO)
)
(/usr/local/texlive/2013/texmf-dist/tex/generic/oberdiek/ltxcmds.sty
Package: ltxcmds 2011/11/09 v1.22 LaTeX kernel commands for general use (HO)
)
\Gread@gobject=\count91
))
\Gin@req@height=\dimen117
\Gin@req@width=\dimen118
)
(/usr/local/texlive/2013/texmf-dist/tex/latex/subfigure/subfigure.sty
Package: subfigure 2002/03/15 v2.1.5 subfigure package
\subfigtopskip=\skip44
\subfigcapskip=\skip45
\subfigcaptopadj=\dimen119
\subfigbottomskip=\skip46
\subfigcapmargin=\dimen120
\subfiglabelskip=\skip47
\c@subfigure=\count92
\c@lofdepth=\count93
\c@subtable=\count94
\c@lotdepth=\count95

****************************************
* Local config file subfigure.cfg used *
****************************************
(/usr/local/texlive/2013/texmf-dist/tex/latex/subfigure/subfigure.cfg)
\subfig@top=\skip48
\subfig@bottom=\skip49
)
(/usr/local/texlive/2013/texmf-dist/tex/latex/amsmath/amsmath.sty
Package: amsmath 2013/01/14 v2.14 AMS math features
\@mathmargin=\skip50

For additional information on amsmath, use the `?' option.
(/usr/local/texlive/2013/texmf-dist/tex/latex/amsmath/amstext.sty
Package: amstext 2000/06/29 v2.01

(/usr/local/texlive/2013/texmf-dist/tex/latex/amsmath/amsgen.sty
File: amsgen.sty 1999/11/30 v2.0
\@emptytoks=\toks16
\ex@=\dimen121
))
(/usr/local/texlive/2013/texmf-dist/tex/latex/amsmath/amsbsy.sty
Package: amsbsy 1999/11/29 v1.2d
\pmbraise@=\dimen122
)
(/usr/local/texlive/2013/texmf-dist/tex/latex/amsmath/amsopn.sty
Package: amsopn 1999/12/14 v2.01 operator names
)
\inf@bad=\count96
LaTeX Info: Redefining \frac on input line 210.
\uproot@=\count97
\leftroot@=\count98
LaTeX Info: Redefining \overline on input line 306.
\classnum@=\count99
\DOTSCASE@=\count100
LaTeX Info: Redefining \ldots on input line 378.
LaTeX Info: Redefining \dots on input line 381.
LaTeX Info: Redefining \cdots on input line 466.
\Mathstrutbox@=\box27
\strutbox@=\box28
\big@size=\dimen123
LaTeX Font Info:    Redeclaring font encoding OML on input line 566.
LaTeX Font Info:    Redeclaring font encoding OMS on input line 567.
\macc@depth=\count101
\c@MaxMatrixCols=\count102
\dotsspace@=\muskip10
\c@parentequation=\count103
\dspbrk@lvl=\count104
\tag@help=\toks17
\row@=\count105
\column@=\count106
\maxfields@=\count107
\andhelp@=\toks18
\eqnshift@=\dimen124
\alignsep@=\dimen125
\tagshift@=\dimen126
\tagwidth@=\dimen127
\totwidth@=\dimen128
\lineht@=\dimen129
\@envbody=\toks19
\multlinegap=\skip51
\multlinetaggap=\skip52
\mathdisplay@stack=\toks20
LaTeX Info: Redefining \[ on input line 2665.
LaTeX Info: Redefining \] on input line 2666.
)
(/usr/local/texlive/2013/texmf-dist/tex/latex/algorithms/algorithmic.sty
Package: algorithmic 2009/08/24 v0.1 Document Style `algorithmic'

(/usr/local/texlive/2013/texmf-dist/tex/latex/base/ifthen.sty
Package: ifthen 2001/05/26 v1.1c Standard LaTeX ifthen package (DPC)
)
\c@ALC@unique=\count108
\c@ALC@line=\count109
\c@ALC@rem=\count110
\c@ALC@depth=\count111
\ALC@tlm=\skip53
\algorithmicindent=\skip54
)
(/usr/local/texlive/2013/texmf-dist/tex/latex/tools/array.sty
Package: array 2008/09/09 v2.4c Tabular extension package (FMi)
\col@sep=\dimen130
\extrarowheight=\dimen131
\NC@list=\toks21
\extratabsurround=\skip55
\backup@length=\skip56
) (./bare_conf.aux)
\openout1 = `bare_conf.aux'.

LaTeX Font Info:    Checking defaults for OML/cmm/m/it on input line 351.
LaTeX Font Info:    ... okay on input line 351.
LaTeX Font Info:    Checking defaults for T1/cmr/m/n on input line 351.
LaTeX Font Info:    ... okay on input line 351.
LaTeX Font Info:    Checking defaults for OT1/cmr/m/n on input line 351.
LaTeX Font Info:    ... okay on input line 351.
LaTeX Font Info:    Checking defaults for OMS/cmsy/m/n on input line 351.
LaTeX Font Info:    ... okay on input line 351.
LaTeX Font Info:    Checking defaults for OMX/cmex/m/n on input line 351.
LaTeX Font Info:    ... okay on input line 351.
LaTeX Font Info:    Checking defaults for U/cmr/m/n on input line 351.
LaTeX Font Info:    ... okay on input line 351.
 (/usr/local/texlive/2013/texmf-dist/tex/context/base/supp-pdf.mkii
[Loading MPS to PDF converter (version 2006.09.02).]
\scratchcounter=\count112
\scratchdimen=\dimen132
\scratchbox=\box29
\nofMPsegments=\count113
\nofMParguments=\count114
\everyMPshowfont=\toks22
\MPscratchCnt=\count115
\MPscratchDim=\dimen133
\MPnumerator=\count116
\makeMPintoPDFobject=\count117
\everyMPtoPDFconversion=\toks23
) (/usr/local/texlive/2013/texmf-dist/tex/generic/oberdiek/pdftexcmds.sty
Package: pdftexcmds 2011/11/29 v0.20 Utility functions of pdfTeX for LuaTeX (HO
)

(/usr/local/texlive/2013/texmf-dist/tex/generic/oberdiek/ifluatex.sty
Package: ifluatex 2010/03/01 v1.3 Provides the ifluatex switch (HO)
Package ifluatex Info: LuaTeX not detected.
)
(/usr/local/texlive/2013/texmf-dist/tex/generic/oberdiek/ifpdf.sty
Package: ifpdf 2011/01/30 v2.3 Provides the ifpdf switch (HO)
Package ifpdf Info: pdfTeX in PDF mode is detected.
)
Package pdftexcmds Info: LuaTeX not detected.
Package pdftexcmds Info: \pdf@primitive is available.
Package pdftexcmds Info: \pdf@ifprimitive is available.
Package pdftexcmds Info: \pdfdraftmode found.
)
(/usr/local/texlive/2013/texmf-dist/tex/latex/oberdiek/epstopdf-base.sty
Package: epstopdf-base 2010/02/09 v2.5 Base part for package epstopdf

(/usr/local/texlive/2013/texmf-dist/tex/latex/oberdiek/grfext.sty
Package: grfext 2010/08/19 v1.1 Manage graphics extensions (HO)

(/usr/local/texlive/2013/texmf-dist/tex/generic/oberdiek/kvdefinekeys.sty
Package: kvdefinekeys 2011/04/07 v1.3 Define keys (HO)
))
(/usr/local/texlive/2013/texmf-dist/tex/latex/oberdiek/kvoptions.sty
Package: kvoptions 2011/06/30 v3.11 Key value format for package options (HO)

(/usr/local/texlive/2013/texmf-dist/tex/generic/oberdiek/kvsetkeys.sty
Package: kvsetkeys 2012/04/25 v1.16 Key value parser (HO)

(/usr/local/texlive/2013/texmf-dist/tex/generic/oberdiek/etexcmds.sty
Package: etexcmds 2011/02/16 v1.5 Avoid name clashes with e-TeX commands (HO)
Package etexcmds Info: Could not find \expanded.
(etexcmds)             That can mean that you are not using pdfTeX 1.50 or
(etexcmds)             that some package has redefined \expanded.
(etexcmds)             In the latter case, load this package earlier.
)))
Package grfext Info: Graphics extension search list:
(grfext)             [.png,.pdf,.jpg,.mps,.jpeg,.jbig2,.jb2,.PNG,.PDF,.JPG,.JPE
G,.JBIG2,.JB2,.eps]
(grfext)             \AppendGraphicsExtensions on input line 452.

(/usr/local/texlive/2013/texmf-dist/tex/latex/latexconfig/epstopdf-sys.cfg
File: epstopdf-sys.cfg 2010/07/13 v1.3 Configuration of (r)epstopdf for TeX Liv
e
))
[1{/usr/local/texlive/2013/texmf-var/fonts/map/pdftex/updmap/pdftex.map}


]
LaTeX Font Info:    External font `cmex10' loaded for size
(Font)              <7> on input line 492.
LaTeX Font Info:    External font `cmex10' loaded for size
(Font)              <5> on input line 492.

<overview2.png, id=9, 828.09375pt x 399.4925pt>
File: overview2.png Graphic file (type png)
 <use overview2.png>
Package pdftex.def Info: overview2.png used on input line 505.
(pdftex.def)             Requested size: 265.39975pt x 128.0374pt.

Overfull \hbox (12.34988pt too wide) in paragraph at lines 505--506
 [][] 
 []

[2] [3 <./overview2.png>] <ExpPathIdent.jpg, id=20, 2426.06375pt x 1646.15pt>
File: ExpPathIdent.jpg Graphic file (type jpg)

<use ExpPathIdent.jpg>
Package pdftex.def Info: ExpPathIdent.jpg used on input line 548.
(pdftex.def)             Requested size: 199.16928pt x 135.13588pt.

<NeighborSelectionPctl2.png, id=21, 1128.215pt x 822.07124pt>
File: NeighborSelectionPctl2.png Graphic file (type png)

<use NeighborSelectionPctl2.png>
Package pdftex.def Info: NeighborSelectionPctl2.png used on input line 581.
(pdftex.def)             Requested size: 370.9521pt x 270.30118pt.
LaTeX Font Info:    External font `cmex10' loaded for size
(Font)              <8> on input line 582.
LaTeX Font Info:    External font `cmex10' loaded for size
(Font)              <6> on input line 582.

<Exp_ns_step1_3.png, id=22, 541.02126pt x 239.89626pt>
File: Exp_ns_step1_3.png Graphic file (type png)

<use Exp_ns_step1_3.png>
Package pdftex.def Info: Exp_ns_step1_3.png used on input line 594.
(pdftex.def)             Requested size: 105.2751pt x 46.67891pt.
 <Exp_ns_step2.png, id=23, 372.39125pt x 109.40875pt>
File: Exp_ns_step2.png Graphic file (type png)

<use Exp_ns_step2.png>
Package pdftex.def Info: Exp_ns_step2.png used on input line 599.
(pdftex.def)             Requested size: 105.2751pt x 30.92972pt.
 <Exp_ns_step3_2.png, id=24, 522.95375pt x 153.57375pt>
File: Exp_ns_step3_2.png Graphic file (type png)

<use Exp_ns_step3_2.png>
Package pdftex.def Info: Exp_ns_step3_2.png used on input line 604.
(pdftex.def)             Requested size: 105.2751pt x 30.91573pt.
 <Exp_ns_step4.png, id=25, 372.39125pt x 108.405pt>
File: Exp_ns_step4.png Graphic file (type png)

<use Exp_ns_step4.png>
Package pdftex.def Info: Exp_ns_step4.png used on input line 609.
(pdftex.def)             Requested size: 105.2751pt x 30.64597pt.
 <Exp_ns_step5.png, id=26, 629.35126pt x 182.6825pt>
File: Exp_ns_step5.png Graphic file (type png)

<use Exp_ns_step5.png>
Package pdftex.def Info: Exp_ns_step5.png used on input line 614.
(pdftex.def)             Requested size: 105.2751pt x 30.55664pt.
 [4 <./ExpPathIdent.jpg>] [5 <./NeighborSelectionPctl2.png> <./Exp_ns_step1_3.p
ng> <./Exp_ns_step2.png> <./Exp_ns_step3_2.png> <./Exp_ns_step4.png> <./Exp_ns_
step5.png>]
<theoreticalanalysis_cut.png, id=46, 1159.33125pt x 197.73875pt>
File: theoreticalanalysis_cut.png Graphic file (type png)

<use theoreticalanalysis_cut.png>
Package pdftex.def Info: theoreticalanalysis_cut.png used on input line 661.
(pdftex.def)             Requested size: 256.0748pt x 43.67464pt.

Overfull \hbox (3.02493pt too wide) in paragraph at lines 661--662
 [][] 
 []

<withLinkQuality3.jpg, id=47, 1159.33125pt x 497.86pt>
File: withLinkQuality3.jpg Graphic file (type jpg)

<use withLinkQuality3.jpg>
Package pdftex.def Info: withLinkQuality3.jpg used on input line 670.
(pdftex.def)             Requested size: 463.79504pt x 199.16928pt.
 [6 <./theoreticalanalysis_cut.png>]
<errorbar_prr_single_sp_rft.png, id=52, 691.58376pt x 266.9975pt>
File: errorbar_prr_single_sp_rft.png Graphic file (type png)

<use errorbar_prr_single_sp_rft.png>
Package pdftex.def Info: errorbar_prr_single_sp_rft.png used on input line 723.

(pdftex.def)             Requested size: 261.63321pt x 101.00737pt.

Overfull \hbox (8.58334pt too wide) in paragraph at lines 723--724
 [][] 
 []


Underfull \vbox (badness 2717) has occurred while \output is active []


<errorbar_defaultpower2.png, id=53, 508.90125pt x 541.02126pt>
File: errorbar_defaultpower2.png Graphic file (type png)

<use errorbar_defaultpower2.png>
Package pdftex.def Info: errorbar_defaultpower2.png used on input line 744.
(pdftex.def)             Requested size: 256.0748pt x 272.24358pt.

Overfull \hbox (3.02493pt too wide) in paragraph at lines 744--745
 [][] 
 []

<errorbar_payload_new2.png, id=54, 518.93875pt x 537.00626pt>
File: errorbar_payload_new2.png Graphic file (type png)

<use errorbar_payload_new2.png>
Package pdftex.def Info: errorbar_payload_new2.png used on input line 752.
(pdftex.def)             Requested size: 256.0748pt x 265.0036pt.

Overfull \hbox (3.02493pt too wide) in paragraph at lines 752--753
 [][] 
 []

[7 <./withLinkQuality3.jpg> <./errorbar_prr_single_sp_rft.png>]
<errorbar_thrssi_ANS3.png, id=60, 684.5575pt x 549.05125pt>
File: errorbar_thrssi_ANS3.png Graphic file (type png)

<use errorbar_thrssi_ANS3.png>
Package pdftex.def Info: errorbar_thrssi_ANS3.png used on input line 769.
(pdftex.def)             Requested size: 262.50568pt x 210.55022pt.

Overfull \hbox (9.45581pt too wide) in paragraph at lines 769--770
 [][] 
 []

<errorbar_delta3.png, id=61, 745.78625pt x 330.23375pt>
File: errorbar_delta3.png Graphic file (type png)

<use errorbar_delta3.png>
Package pdftex.def Info: errorbar_delta3.png used on input line 788.
(pdftex.def)             Requested size: 248.67067pt x 110.11201pt.
 [8 <./errorbar_defaultpower2.png> <./errorbar_payload_new2.png> <./errorbar_th
rssi_ANS3.png>]
<errorbar_numshelpers_ANS2.png, id=68, 441.65pt x 555.07375pt>
File: errorbar_numshelpers_ANS2.png Graphic file (type png)

<use errorbar_numshelpers_ANS2.png>
Package pdftex.def Info: errorbar_numshelpers_ANS2.png used on input line 806.
(pdftex.def)             Requested size: 199.16928pt x 250.32292pt.

<errorbar_testphase3.png, id=69, 893.3375pt x 339.2675pt>
File: errorbar_testphase3.png Graphic file (type png)

<use errorbar_testphase3.png>
Package pdftex.def Info: errorbar_testphase3.png used on input line 824.
(pdftex.def)             Requested size: 265.95863pt x 101.00737pt.

Overfull \hbox (12.90877pt too wide) in paragraph at lines 824--825
 [][] 
 []


Underfull \vbox (badness 3088) has occurred while \output is active []

 [9 <./errorbar_delta3.png> <./errorbar_numshelpers_ANS2.png> <./errorbar_testp
hase3.png>]
<groupbar_prr_rft_spkl.png, id=76, 1255.69125pt x 412.54124pt>
File: groupbar_prr_rft_spkl.png Graphic file (type png)

<use groupbar_prr_rft_spkl.png>
Package pdftex.def Info: groupbar_prr_rft_spkl.png used on input line 840.
(pdftex.def)             Requested size: 455.24408pt x 149.55968pt.

<stackbar_energy_rft_spkl.png, id=77, 1255.69125pt x 414.54875pt>
File: stackbar_energy_rft_spkl.png Graphic file (type png)

<use stackbar_energy_rft_spkl.png>
Package pdftex.def Info: stackbar_energy_rft_spkl.png used on input line 849.
(pdftex.def)             Requested size: 455.24408pt x 150.28746pt.
 (./bare_conf.bbl
Missing character: There is no ‚ in font ptmr7t!
Missing character: There is no Ä in font ptmr7t!
Missing character: There is no ò in font ptmr7t!
Missing character: There is no ‚ in font ptmr7t!
Missing character: There is no Ä in font ptmr7t!
Missing character: There is no ô in font ptmr7t!
 [10]
Missing character: There is no ‚ in font ptmr7t!
Missing character: There is no Ä in font ptmr7t!
Missing character: There is no ú in font ptmr7t!
Missing character: There is no ‚ in font ptmr7t!
Missing character: There is no Ä in font ptmr7t!
Missing character: There is no ù in font ptmr7t!
)

** Conference Paper **
Before submitting the final camera ready copy, remember to:

 1. Manually equalize the lengths of two columns on the last page
 of your paper;

 2. Ensure that any PostScript and/or PDF output post-processing
 uses only Type 1 fonts and that every step in the generation
 process uses the appropriate paper size.

[11

 <./groupbar_prr_rft_spkl.png> <./stackbar_energy_rft_spkl.png>]
(./bare_conf.aux) ) 
Here is how much of TeX's memory you used:
 3293 strings out of 493315
 49878 string characters out of 6137903
 119226 words of memory out of 5000000
 6685 multiletter control sequences out of 15000+600000
 38000 words of font info for 73 fonts, out of 8000000 for 9000
 960 hyphenation exceptions out of 8191
 38i,10n,24p,2145b,349s stack positions out of 5000i,500n,10000p,200000b,80000s
{/usr/local/texlive/2013/texmf-dist/fonts/enc/dvips/base/8r.
enc}</usr/local/texlive/2013/texmf-dist/fonts/type1/public/amsfonts/cm/cmbx10.p
fb></usr/local/texlive/2013/texmf-dist/fonts/type1/public/amsfonts/cm/cmmi10.pf
b></usr/local/texlive/2013/texmf-dist/fonts/type1/public/amsfonts/cm/cmmi7.pfb>
</usr/local/texlive/2013/texmf-dist/fonts/type1/public/amsfonts/cm/cmr10.pfb></
usr/local/texlive/2013/texmf-dist/fonts/type1/public/amsfonts/cm/cmr7.pfb></usr
/local/texlive/2013/texmf-dist/fonts/type1/public/amsfonts/cm/cmr8.pfb></usr/lo
cal/texlive/2013/texmf-dist/fonts/type1/public/amsfonts/cm/cmsy10.pfb></usr/loc
al/texlive/2013/texmf-dist/fonts/type1/public/amsfonts/cm/cmsy7.pfb></usr/local
/texlive/2013/texmf-dist/fonts/type1/urw/times/utmb8a.pfb></usr/local/texlive/2
013/texmf-dist/fonts/type1/urw/times/utmbi8a.pfb></usr/local/texlive/2013/texmf
-dist/fonts/type1/urw/times/utmr8a.pfb></usr/local/texlive/2013/texmf-dist/font
s/type1/urw/times/utmri8a.pfb>
Output written on bare_conf.pdf (11 pages, 1643349 bytes).
PDF statistics:
 126 PDF objects out of 1000 (max. 8388607)
 64 compressed objects within 1 object stream
 0 named destinations out of 1000 (max. 500000)
 96 words of extra memory for PDF output out of 10000 (max. 10000000)

